BroadcastReceiver/app/build/outputs/logs/manifest-merger-debug-report.txt
-- Merging decision tree log ---
manifest
ADDED from src\main\AndroidManifest.xml:2:1-19:12
	package
		ADDED from src\main\AndroidManifest.xml:3:5-31
		INJECTED from src\main\AndroidManifest.xml
		INJECTED from src\main\AndroidManifest.xml
	android:versionName
		ADDED from src\main\AndroidManifest.xml:5:5-30
		INJECTED from src\main\AndroidManifest.xml
		INJECTED from src\main\AndroidManifest.xml
	android:versionCode
		ADDED from src\main\AndroidManifest.xml:4:5-28
		INJECTED from src\main\AndroidManifest.xml
		INJECTED from src\main\AndroidManifest.xml
	xmlns:android
		ADDED from src\main\AndroidManifest.xml:2:11-69
application
ADDED from src\main\AndroidManifest.xml:7:5-15:19
	android:label
		ADDED from src\main\AndroidManifest.xml:7:18-48
receiver#com.niit.android.OnBootReceiver
ADDED from src\main\AndroidManifest.xml:9:9-13:16
	android:enabled
		ADDED from src\main\AndroidManifest.xml:9:50-72
	android:exported
		ADDED from src\main\AndroidManifest.xml:9:73-97
	android:name
		ADDED from src\main\AndroidManifest.xml:9:19-49
intent-filter#android.intent.action.TIME_SET
ADDED from src\main\AndroidManifest.xml:10:7-12:23
action#android.intent.action.TIME_SET
ADDED from src\main\AndroidManifest.xml:11:9-64
	android:name
		ADDED from src\main\AndroidManifest.xml:11:17-62
uses-sdk
ADDED from src\main\AndroidManifest.xml:17:3-40
	android:targetSdkVersion
		INJECTED from src\main\AndroidManifest.xml
		INJECTED from src\main\AndroidManifest.xml
	android:minSdkVersion
		ADDED from src\main\AndroidManifest.xml:17:13-38
		INJECTED from src\main\AndroidManifest.xml
		INJECTED from src\main\AndroidManifest.xml